\BOOKMARK [0][-]{chapter.1}{\376\377\0001\000\040\217\321\117\074\154\325}{}% 1
\BOOKMARK [1][-]{section.1.1}{\376\377\0001\000.\0001\000\040\131\011\122\006\154\325}{chapter.1}% 2
\BOOKMARK [2][-]{subsection.1.1.1}{\376\377\0001\000.\0001\000.\0001\000\040\127\372\147\054\123\237\164\006}{section.1.1}% 3
\BOOKMARK [2][-]{subsection.1.1.2}{\376\377\0001\000.\0001\000.\0002\000\040\000\050\131\011\122\006\154\325\060\156\117\213\230\114\000\051\060\330\060\352\060\246\060\340\123\237\133\120}{section.1.1}% 4
\BOOKMARK [2][-]{subsection.1.1.3}{\376\377\0001\000.\0001\000.\0003\000\040\131\011\122\006\154\325\060\156\212\244\135\356\060\156\212\125\117\241}{section.1.1}% 5
\BOOKMARK [2][-]{subsection.1.1.4}{\376\377\0001\000.\0001\000.\0004\000\040\175\364\177\322\125\117\230\114}{section.1.1}% 6
\BOOKMARK [1][-]{section.1.2}{\376\377\0001\000.\0002\000\040\144\102\122\325\000I\000\050\133\232\136\070\144\102\122\325\000\051}{chapter.1}% 7
\BOOKMARK [2][-]{subsection.1.2.1}{\376\377\0001\000.\0002\000.\0001\000\040\156\226\120\231}{section.1.2}% 8
\BOOKMARK [2][-]{subsection.1.2.2}{\376\377\0001\000.\0002\000.\0002\000\040\0001\153\041\144\102\122\325}{section.1.2}% 9
\BOOKMARK [2][-]{subsection.1.2.3}{\376\377\0001\000.\0002\000.\0003\000\040\000\050\0001\153\041\144\102\122\325\060\156\117\213\230\114\000\051\060\330\060\352\060\246\060\340\123\237\133\120}{section.1.2}% 10
\BOOKMARK [2][-]{subsection.1.2.4}{\376\377\0001\000.\0002\000.\0004\000\040\0002\153\041\144\102\122\325}{section.1.2}% 11
\BOOKMARK [2][-]{subsection.1.2.5}{\376\377\0001\000.\0002\000.\0005\000\040\000\050\0002\153\041\144\102\122\325\060\156\117\213\230\114\000\051\221\317\133\120\225\211\060\130\217\274\060\201\000S\000t\000a\000r\000k\122\271\147\234}{section.1.2}% 12
\BOOKMARK [2][-]{subsection.1.2.6}{\376\377\0001\000.\0002\000.\0006\000\040\000\050\0002\153\041\144\102\122\325\060\156\117\213\230\114\000\051\000M\000o\000t\000t\175\166\176\001\117\123}{section.1.2}% 13
\BOOKMARK [2][-]{subsection.1.2.7}{\376\377\0001\000.\0002\000.\0007\000\040\176\056\220\000\060\114\060\102\060\213\130\064\124\010\060\156\144\102\122\325\212\326}{section.1.2}% 14
\BOOKMARK [2][-]{subsection.1.2.8}{\376\377\0001\000.\0002\000.\0008\000\040\000\050\133\232\136\070\144\102\122\325\060\156\117\213\230\114\000\051\162\151\214\352\116\055\060\156\226\373\133\120}{section.1.2}% 15
\BOOKMARK [2][-]{subsection.1.2.9}{\376\377\0001\000.\0002\000.\0009\000\040\175\364\177\322\125\117\230\114}{section.1.2}% 16
\BOOKMARK [1][-]{section.1.3}{\376\377\0001\000.\0003\000\040\144\102\122\325\000I\000I\000\050\227\136\133\232\136\070\144\102\122\325\000\051}{chapter.1}% 17
\BOOKMARK [2][-]{subsection.1.3.1}{\376\377\0001\000.\0003\000.\0001\000\040\166\370\116\222\117\134\165\050\210\150\171\072}{section.1.3}% 18
\BOOKMARK [2][-]{subsection.1.3.2}{\376\377\0001\000.\0003\000.\0002\000\040\000\050\166\370\116\222\117\134\165\050\210\150\171\072\060\156\117\213\230\114\000\051\000R\000a\000b\000i\143\057\122\325}{section.1.3}% 19
\BOOKMARK [2][-]{subsection.1.3.3}{\376\377\0001\000.\0003\000.\0003\000\040\227\136\133\232\136\070\144\102\122\325\060\156\217\321\117\074\211\343}{section.1.3}% 20
\BOOKMARK [2][-]{subsection.1.3.4}{\376\377\0001\000.\0003\000.\0004\000\040\000\050\227\136\133\232\136\070\144\102\122\325\060\156\217\321\117\074\211\343\060\156\117\213\230\114\000\051\116\000\133\232\060\156\144\102\122\325}{section.1.3}% 21
\BOOKMARK [2][-]{subsection.1.3.5}{\376\377\0001\000.\0003\000.\0005\000\040\000\050\227\136\133\232\136\070\144\102\122\325\060\156\217\321\117\074\211\343\060\156\117\213\230\114\000\051\212\277\124\214\144\102\122\325}{section.1.3}% 22
\BOOKMARK [1][-]{section.1.4}{\376\377\0001\000.\0004\000\040\226\373\170\301\130\064\116\055\060\156\226\373\133\120}{chapter.1}% 23
\BOOKMARK [2][-]{subsection.1.4.1}{\376\377\0001\000.\0004\000.\0001\000\040\131\047\127\337\166\204\000G\000a\000u\000g\000e\131\011\143\333}{section.1.4}% 24
\BOOKMARK [2][-]{subsection.1.4.2}{\376\377\0001\000.\0004\000.\0002\000\040\134\100\142\100\166\204\000G\000a\000u\000g\000e\131\011\143\333}{section.1.4}% 25
\BOOKMARK [2][-]{subsection.1.4.3}{\376\377\0001\000.\0004\000.\0003\000\040\226\373\170\301\130\064\116\055\060\156\226\373\133\120\060\156\144\102\122\325\212\326}{section.1.4}% 26
\BOOKMARK [0][-]{chapter.2}{\376\377\0002\000\040\145\143\116\161\164\006\212\326}{}% 27
\BOOKMARK [1][-]{section.2.1}{\376\377\0002\000.\0001\000\040\172\313\117\123\211\322}{chapter.2}% 28
\BOOKMARK [1][-]{section.2.2}{\376\377\0002\000.\0002\000\040\145\143\116\161\145\255\227\142\172\115}{chapter.2}% 29
\BOOKMARK [1][-]{section.2.3}{\376\377\0002\000.\0003\000\040\123\344\121\170\122\233\133\146\060\153\060\112\060\121\060\213\145\143\116\161}{chapter.2}% 30
\BOOKMARK [1][-]{section.2.4}{\376\377\0002\000.\0004\000\040\221\317\133\120\122\233\133\146\060\153\060\112\060\121\060\213\145\143\116\161}{chapter.2}% 31
\BOOKMARK [1][-]{section.2.5}{\376\377\0002\000.\0005\000\040\000B\000o\000r\000n\217\321\117\074}{chapter.2}% 32
\BOOKMARK [1][-]{section.2.6}{\376\377\0002\000.\0006\000\040\220\350\122\006\154\342\134\125\225\213}{chapter.2}% 33
\BOOKMARK [0][-]{chapter.3}{\376\377\0003\000\040\166\370\133\376\212\326\166\204\221\317\133\120\212\326}{}% 34
\BOOKMARK [1][-]{section.3.1}{\376\377\0003\000.\0001\000\040\162\171\153\212\166\370\133\376\212\326}{chapter.3}% 35
\BOOKMARK [1][-]{section.3.2}{\376\377\0003\000.\0002\000\040\221\317\133\120\122\233\133\146\060\156\117\356\153\143}{chapter.3}% 36
\BOOKMARK [1][-]{section.3.3}{\376\377\0003\000.\0003\000\040\211\322\220\113\122\325\221\317\060\156\117\335\133\130}{chapter.3}% 37
\BOOKMARK [1][-]{section.3.4}{\376\377\0003\000.\0004\000\040\060\271\060\324\060\363}{chapter.3}% 38
\BOOKMARK [1][-]{section.3.5}{\376\377\0003\000.\0005\000\040\226\373\170\301\130\064\116\055\060\156\226\373\133\120}{chapter.3}% 39
